# JRE version: Java(TM) SE Runtime Environment (8.0_144-b01) (build 1.8.0_144-b01)
# Java VM: Java HotSpot(TM) 64-Bit Server VM (25.144-b01 mixed mode bsd-amd64 compressed oops)
Heap:
 PSYoungGen      total 61952K, used 29721K [0x000000076ab00000, 0x0000000774380000, 0x00000007c0000000)
  eden space 60416K, 47% used [0x000000076ab00000,0x000000076c6ee558,0x000000076e600000)
  from space 1536K, 72% used [0x0000000770800000,0x0000000770918000,0x0000000770980000)
  to   space 30720K, 0% used [0x0000000772580000,0x0000000772580000,0x0000000774380000)
 ParOldGen       total 175104K, used 46559K [0x00000006c0000000, 0x00000006cab00000, 0x000000076ab00000)
  object space 175104K, 26% used [0x00000006c0000000,0x00000006c2d77d68,0x00000006cab00000)
 Metaspace       used 14306K, capacity 14634K, committed 14848K, reserved 1062912K
  class space    used 1617K, capacity 1718K, committed 1792K, reserved 1048576K
GC Heap History (10 events):
Event: 6.735 GC heap before
{Heap before GC invocations=5 (full 0):
 PSYoungGen      total 76288K, used 72810K [0x000000076ab00000, 0x0000000770000000, 0x00000007c0000000)
  eden space 65536K, 100% used [0x000000076ab00000,0x000000076eb00000,0x000000076eb00000)
  from space 10752K, 67% used [0x000000076f580000,0x000000076fc9aaa8,0x0000000770000000)
  to   space 10752K, 0% used [0x000000076eb00000,0x000000076eb00000,0x000000076f580000)
 ParOldGen       total 175104K, used 31586K [0x00000006c0000000, 0x00000006cab00000, 0x000000076ab00000)
  object space 175104K, 18% used [0x00000006c0000000,0x00000006c1ed8a80,0x00000006cab00000)
 Metaspace       used 14140K, capacity 14502K, committed 14592K, reserved 1062912K
  class space    used 1617K, capacity 1718K, committed 1792K, reserved 1048576K
Event: 6.739 GC heap after
Heap after GC invocations=5 (full 0):
 PSYoungGen      total 74752K, used 7114K [0x000000076ab00000, 0x0000000772580000, 0x00000007c0000000)
  eden space 64000K, 0% used [0x000000076ab00000,0x000000076ab00000,0x000000076e980000)
  from space 10752K, 66% used [0x000000076eb00000,0x000000076f1f2aa8,0x000000076f580000)
  to   space 30720K, 0% used [0x0000000770780000,0x0000000770780000,0x0000000772580000)
 ParOldGen       total 175104K, used 31586K [0x00000006c0000000, 0x00000006cab00000, 0x000000076ab00000)
  object space 175104K, 18% used [0x00000006c0000000,0x00000006c1ed8a80,0x00000006cab00000)
 Metaspace       used 14140K, capacity 14502K, committed 14592K, reserved 1062912K
  class space    used 1617K, capacity 1718K, committed 1792K, reserved 1048576K
}
Event: 7.313 GC heap before
{Heap before GC invocations=6 (full 0):
 PSYoungGen      total 74752K, used 71114K [0x000000076ab00000, 0x0000000772580000, 0x00000007c0000000)
  eden space 64000K, 100% used [0x000000076ab00000,0x000000076e980000,0x000000076e980000)
  from space 10752K, 66% used [0x000000076eb00000,0x000000076f1f2aa8,0x000000076f580000)
  to   space 30720K, 0% used [0x0000000770780000,0x0000000770780000,0x0000000772580000)
 ParOldGen       total 175104K, used 31586K [0x00000006c0000000, 0x00000006cab00000, 0x000000076ab00000)
  object space 175104K, 18% used [0x00000006c0000000,0x00000006c1ed8a80,0x00000006cab00000)
 Metaspace       used 14206K, capacity 14566K, committed 14848K, reserved 1062912K
  class space    used 1617K, capacity 1718K, committed 1792K, reserved 1048576K
Event: 7.321 GC heap after
Heap after GC invocations=6 (full 0):
 PSYoungGen      total 89600K, used 9761K [0x000000076ab00000, 0x0000000772200000, 0x00000007c0000000)
  eden space 62464K, 0% used [0x000000076ab00000,0x000000076ab00000,0x000000076e800000)
  from space 27136K, 35% used [0x0000000770780000,0x00000007711087c8,0x0000000772200000)
  to   space 29696K, 0% used [0x000000076e800000,0x000000076e800000,0x0000000770500000)
 ParOldGen       total 175104K, used 31594K [0x00000006c0000000, 0x00000006cab00000, 0x000000076ab00000)
  object space 175104K, 18% used [0x00000006c0000000,0x00000006c1edaa80,0x00000006cab00000)
 Metaspace       used 14206K, capacity 14566K, committed 14848K, reserved 1062912K
  class space    used 1617K, capacity 1718K, committed 1792K, reserved 1048576K
}
Event: 7.852 GC heap before
{Heap before GC invocations=7 (full 0):
 PSYoungGen      total 89600K, used 72225K [0x000000076ab00000, 0x0000000772200000, 0x00000007c0000000)
  eden space 62464K, 100% used [0x000000076ab00000,0x000000076e800000,0x000000076e800000)
  from space 27136K, 35% used [0x0000000770780000,0x00000007711087c8,0x0000000772200000)
  to   space 29696K, 0% used [0x000000076e800000,0x000000076e800000,0x0000000770500000)
 ParOldGen       total 175104K, used 31594K [0x00000006c0000000, 0x00000006cab00000, 0x000000076ab00000)
  object space 175104K, 18% used [0x00000006c0000000,0x00000006c1edaa80,0x00000006cab00000)
 Metaspace       used 14244K, capacity 14634K, committed 14848K, reserved 1062912K
  class space    used 1617K, capacity 1718K, committed 1792K, reserved 1048576K
Event: 7.863 GC heap after
Heap after GC invocations=7 (full 0):
 PSYoungGen      total 92160K, used 1184K [0x000000076ab00000, 0x0000000776100000, 0x00000007c0000000)
  eden space 62464K, 0% used [0x000000076ab00000,0x000000076ab00000,0x000000076e800000)
  from space 29696K, 3% used [0x000000076e800000,0x000000076e928000,0x0000000770500000)
  to   space 30720K, 0% used [0x0000000774300000,0x0000000774300000,0x0000000776100000)
 ParOldGen       total 175104K, used 46260K [0x00000006c0000000, 0x00000006cab00000, 0x000000076ab00000)
  object space 175104K, 26% used [0x00000006c0000000,0x00000006c2d2d1f8,0x00000006cab00000)
 Metaspace       used 14244K, capacity 14634K, committed 14848K, reserved 1062912K
  class space    used 1617K, capacity 1718K, committed 1792K, reserved 1048576K
}
Event: 8.330 GC heap before
{Heap before GC invocations=8 (full 0):
 PSYoungGen      total 92160K, used 63648K [0x000000076ab00000, 0x0000000776100000, 0x00000007c0000000)
  eden space 62464K, 100% used [0x000000076ab00000,0x000000076e800000,0x000000076e800000)
  from space 29696K, 3% used [0x000000076e800000,0x000000076e928000,0x0000000770500000)
  to   space 30720K, 0% used [0x0000000774300000,0x0000000774300000,0x0000000776100000)
 ParOldGen       total 175104K, used 46260K [0x00000006c0000000, 0x00000006cab00000, 0x000000076ab00000)
  object space 175104K, 26% used [0x00000006c0000000,0x00000006c2d2d1f8,0x00000006cab00000)
 Metaspace       used 14300K, capacity 14634K, committed 14848K, reserved 1062912K
  class space    used 1617K, capacity 1718K, committed 1792K, reserved 1048576K
Event: 8.331 GC heap after
Heap after GC invocations=8 (full 0):
 PSYoungGen      total 62464K, used 928K [0x000000076ab00000, 0x0000000774400000, 0x00000007c0000000)
  eden space 61440K, 0% used [0x000000076ab00000,0x000000076ab00000,0x000000076e700000)
  from space 1024K, 90% used [0x0000000774300000,0x00000007743e8000,0x0000000774400000)
  to   space 30720K, 0% used [0x0000000770800000,0x0000000770800000,0x0000000772600000)
 ParOldGen       total 175104K, used 46484K [0x00000006c0000000, 0x00000006cab00000, 0x000000076ab00000)
  object space 175104K, 26% used [0x00000006c0000000,0x00000006c2d651f8,0x00000006cab00000)
 Metaspace       used 14300K, capacity 14634K, committed 14848K, reserved 1062912K
  class space    used 1617K, capacity 1718K, committed 1792K, reserved 1048576K
}
Event: 8.756 GC heap before
{Heap before GC invocations=9 (full 0):
 PSYoungGen      total 62464K, used 62368K [0x000000076ab00000, 0x0000000774400000, 0x00000007c0000000)
  eden space 61440K, 100% used [0x000000076ab00000,0x000000076e700000,0x000000076e700000)
  from space 1024K, 90% used [0x0000000774300000,0x00000007743e8000,0x0000000774400000)
  to   space 30720K, 0% used [0x0000000770800000,0x0000000770800000,0x0000000772600000)
 ParOldGen       total 175104K, used 46484K [0x00000006c0000000, 0x00000006cab00000, 0x000000076ab00000)
  object space 175104K, 26% used [0x00000006c0000000,0x00000006c2d651f8,0x00000006cab00000)
 Metaspace       used 14302K, capacity 14634K, committed 14848K, reserved 1062912K
  class space    used 1617K, capacity 1718K, committed 1792K, reserved 1048576K
Event: 8.758 GC heap after
Heap after GC invocations=9 (full 0):
 PSYoungGen      total 61952K, used 1120K [0x000000076ab00000, 0x0000000774380000, 0x00000007c0000000)
  eden space 60416K, 0% used [0x000000076ab00000,0x000000076ab00000,0x000000076e600000)
  from space 1536K, 72% used [0x0000000770800000,0x0000000770918000,0x0000000770980000)
  to   space 30720K, 0% used [0x0000000772580000,0x0000000772580000,0x0000000774380000)
 ParOldGen       total 175104K, used 46559K [0x00000006c0000000, 0x00000006cab00000, 0x000000076ab00000)
  object space 175104K, 26% used [0x00000006c0000000,0x00000006c2d77d68,0x00000006cab00000)
 Metaspace       used 14302K, capacity 14634K, committed 14848K, reserved 1062912K
  class space    used 1617K, capacity 1718K, committed 1792K, reserved 1048576K
}

